<?xml version="1.0" encoding="UTF-8"?>
<!-- Generated by org.testng.reporters.JUnitReportReporter -->
<testsuite skipped="0" hostname="TOSHIBA" name="simpleExamples.FirstTest" tests="2" failures="0" timestamp="24 Mar 2018 22:28:08 GMT" time="0.015" errors="0">
  <testcase name="test2" time="0.005" classname="simpleExamples.FirstTest"/>
  <testcase name="test1" time="0.010" classname="simpleExamples.FirstTest"/>
</testsuite> <!-- simpleExamples.FirstTest -->
