<?xml version="1.0" encoding="UTF-8"?>
<!-- Generated by org.testng.reporters.JUnitReportReporter -->
<testsuite skipped="0" hostname="TOSHIBA" name="testNGGrID.testNGArID.ToursLoginLogoutTest" tests="2" failures="0" timestamp="16 Mar 2018 18:01:33 GMT" time="0.011" errors="0">
  <testcase name="logoutTest" time="0.002" classname="testNGGrID.testNGArID.ToursLoginLogoutTest"/>
  <testcase name="loginTest" time="0.009" classname="testNGGrID.testNGArID.ToursLoginLogoutTest"/>
</testsuite> <!-- testNGGrID.testNGArID.ToursLoginLogoutTest -->
