<?xml version="1.0" encoding="UTF-8"?>
<!-- Generated by org.testng.reporters.JUnitReportReporter -->
<testsuite skipped="0" hostname="TOSHIBA" name="testNGGrID.testNGArID.LoginLogout" tests="2" failures="0" timestamp="01 Apr 2018 22:08:39 GMT" time="16.195" errors="0">
  <testcase name="LogintestWithCorrectCredentials" time="8.504" classname="testNGGrID.testNGArID.LoginLogout"/>
  <testcase name="LogintestWithCorrectCredentials" time="7.691" classname="testNGGrID.testNGArID.LoginLogout"/>
</testsuite> <!-- testNGGrID.testNGArID.LoginLogout -->
