<?xml version="1.0" encoding="UTF-8"?>
<!-- Generated by org.testng.reporters.JUnitReportReporter -->
<testsuite skipped="0" hostname="TOSHIBA" name="testNGGrID.testNGArID.RegPageTest" tests="8" failures="0" timestamp="24 Mar 2018 22:27:48 GMT" time="0.027" errors="0">
  <testcase name="phoneRegPageTest1" time="0.004" classname="testNGGrID.testNGArID.RegPageTest"/>
  <testcase name="emailRegPageTest2" time="0.005" classname="testNGGrID.testNGArID.RegPageTest"/>
  <testcase name="emailRegPageTest1" time="0.007" classname="testNGGrID.testNGArID.RegPageTest"/>
  <testcase name="phoneRegPageTest3" time="0.002" classname="testNGGrID.testNGArID.RegPageTest"/>
  <testcase name="phoneRegPageTest2" time="0.003" classname="testNGGrID.testNGArID.RegPageTest"/>
  <testcase name="emailRegPageTest4" time="0.001" classname="testNGGrID.testNGArID.RegPageTest"/>
  <testcase name="phoneRegPageTest4" time="0.004" classname="testNGGrID.testNGArID.RegPageTest"/>
  <testcase name="emailRegPageTest3" time="0.001" classname="testNGGrID.testNGArID.RegPageTest"/>
</testsuite> <!-- testNGGrID.testNGArID.RegPageTest -->
