<?xml version="1.0" encoding="UTF-8"?>
<!-- Generated by org.testng.reporters.JUnitReportReporter -->
<testsuite skipped="0" hostname="TOSHIBA" name="testNGGrID.testNGArID.RegPageTest" tests="8" failures="0" timestamp="16 Mar 2018 18:01:03 GMT" time="0.032" errors="0">
  <testcase name="emailRegPageTest2" time="0.001" classname="testNGGrID.testNGArID.RegPageTest"/>
  <testcase name="emailRegPageTest1" time="0.005" classname="testNGGrID.testNGArID.RegPageTest"/>
  <testcase name="phoneRegPageTest1" time="0.001" classname="testNGGrID.testNGArID.RegPageTest"/>
  <testcase name="phoneRegPageTest2" time="0.001" classname="testNGGrID.testNGArID.RegPageTest"/>
  <testcase name="phoneRegPageTest3" time="0.009" classname="testNGGrID.testNGArID.RegPageTest"/>
  <testcase name="emailRegPageTest4" time="0.006" classname="testNGGrID.testNGArID.RegPageTest"/>
  <testcase name="phoneRegPageTest4" time="0.007" classname="testNGGrID.testNGArID.RegPageTest"/>
  <testcase name="emailRegPageTest3" time="0.002" classname="testNGGrID.testNGArID.RegPageTest"/>
</testsuite> <!-- testNGGrID.testNGArID.RegPageTest -->
