<?xml version="1.0" encoding="UTF-8"?>
<!-- Generated by org.testng.reporters.JUnitReportReporter -->
<testsuite skipped="0" hostname="TOSHIBA" name="testNGGrID.testNGArID.LoginLogout" tests="2" failures="0" timestamp="16 Mar 2018 18:00:04 GMT" time="15.198" errors="0">
  <testcase name="LogintestWithCorrectCredentials" time="7.742" classname="testNGGrID.testNGArID.LoginLogout"/>
  <testcase name="LogintestWithCorrectCredentials" time="7.456" classname="testNGGrID.testNGArID.LoginLogout"/>
</testsuite> <!-- testNGGrID.testNGArID.LoginLogout -->
